<?xml version="1.0" encoding="UTF-8"?>
<!-- Generated by org.testng.reporters.JUnitReportReporter -->
<testsuite hostname="LAPTOP-4ADV37L1" failures="0" tests="1" name="AutomationScripts.bigBasketPrasadTest" time="36.338" errors="0" timestamp="2024-01-18T17:48:28 IST" skipped="0">
  <testcase classname="AutomationScripts.bigBasketPrasadTest" name="bigBasketTest" time="36.338"/>
  <system-out/>
</testsuite> <!-- AutomationScripts.bigBasketPrasadTest -->
